2023-01-07 01:06:47.946  INFO 4284 --- [main] com.eatx.miniRest.MiniRestApplication    : Starting MiniRestApplication using Java 13.0.2 on DESKTOP-NC0NQA6 with PID 4284 (C:\Users\match\eclipse-workspace\miniRest\target\classes started by match in C:\Users\match\eclipse-workspace\miniRest)
2023-01-07 01:06:47.950  INFO 4284 --- [main] com.eatx.miniRest.MiniRestApplication    : No active profile set, falling back to 1 default profile: "default"
2023-01-07 01:06:48.697  INFO 4284 --- [main] .s.d.r.c.RepositoryConfigurationDelegate : Multiple Spring Data modules found, entering strict repository configuration mode
2023-01-07 01:06:48.699  INFO 4284 --- [main] .s.d.r.c.RepositoryConfigurationDelegate : Bootstrapping Spring Data JDBC repositories in DEFAULT mode.
2023-01-07 01:06:48.760  INFO 4284 --- [main] .RepositoryConfigurationExtensionSupport : Spring Data JDBC - Could not safely identify store assignment for repository candidate interface com.eatx.miniRest.repository.CustomerInformationRepository; If you want this repository to be a JDBC repository, consider annotating your entities with one of these annotations: org.springframework.data.relational.core.mapping.Table.
2023-01-07 01:06:48.762  INFO 4284 --- [main] .s.d.r.c.RepositoryConfigurationDelegate : Finished Spring Data repository scanning in 31 ms. Found 0 JDBC repository interfaces.
2023-01-07 01:06:48.782  INFO 4284 --- [main] .s.d.r.c.RepositoryConfigurationDelegate : Multiple Spring Data modules found, entering strict repository configuration mode
2023-01-07 01:06:48.784  INFO 4284 --- [main] .s.d.r.c.RepositoryConfigurationDelegate : Bootstrapping Spring Data JPA repositories in DEFAULT mode.
2023-01-07 01:06:48.826  INFO 4284 --- [main] .s.d.r.c.RepositoryConfigurationDelegate : Finished Spring Data repository scanning in 33 ms. Found 1 JPA repository interfaces.
2023-01-07 01:06:49.935  INFO 4284 --- [main] o.s.b.w.embedded.tomcat.TomcatWebServer  : Tomcat initialized with port(s): 8080 (http)
2023-01-07 01:06:49.952  INFO 4284 --- [main] o.apache.catalina.core.StandardService   : Starting service [Tomcat]
2023-01-07 01:06:49.952  INFO 4284 --- [main] org.apache.catalina.core.StandardEngine  : Starting Servlet engine: [Apache Tomcat/9.0.70]
2023-01-07 01:06:50.130  INFO 4284 --- [main] o.a.c.c.C.[Tomcat].[localhost].[/]       : Initializing Spring embedded WebApplicationContext
2023-01-07 01:06:50.130  INFO 4284 --- [main] w.s.c.ServletWebServerApplicationContext : Root WebApplicationContext: initialization completed in 2123 ms
2023-01-07 01:06:50.364  INFO 4284 --- [main] com.zaxxer.hikari.HikariDataSource       : HikariPool-1 - Starting...
2023-01-07 01:06:50.720  INFO 4284 --- [main] com.zaxxer.hikari.HikariDataSource       : HikariPool-1 - Start completed.
2023-01-07 01:06:50.856  INFO 4284 --- [main] o.hibernate.jpa.internal.util.LogHelper  : HHH000204: Processing PersistenceUnitInfo [name: default]
2023-01-07 01:06:50.972  INFO 4284 --- [main] org.hibernate.Version                    : HHH000412: Hibernate ORM core version 5.6.14.Final
2023-01-07 01:06:51.155  INFO 4284 --- [main] o.hibernate.annotations.common.Version   : HCANN000001: Hibernate Commons Annotations {5.1.2.Final}
2023-01-07 01:06:51.293  INFO 4284 --- [main] org.hibernate.dialect.Dialect            : HHH000400: Using dialect: org.hibernate.dialect.PostgreSQL10Dialect
2023-01-07 01:06:51.947  INFO 4284 --- [main] o.h.e.t.j.p.i.JtaPlatformInitiator       : HHH000490: Using JtaPlatform implementation: [org.hibernate.engine.transaction.jta.platform.internal.NoJtaPlatform]
2023-01-07 01:06:51.957  INFO 4284 --- [main] j.LocalContainerEntityManagerFactoryBean : Initialized JPA EntityManagerFactory for persistence unit 'default'
2023-01-07 01:06:52.301  WARN 4284 --- [main] JpaBaseConfiguration$JpaWebConfiguration : spring.jpa.open-in-view is enabled by default. Therefore, database queries may be performed during view rendering. Explicitly configure spring.jpa.open-in-view to disable this warning
2023-01-07 01:06:53.208  INFO 4284 --- [main] o.s.b.w.embedded.tomcat.TomcatWebServer  : Tomcat started on port(s): 8080 (http) with context path ''
2023-01-07 01:06:53.217  INFO 4284 --- [main] com.eatx.miniRest.MiniRestApplication    : Started MiniRestApplication in 5.808 seconds (JVM running for 6.239)
2023-01-07 01:07:22.621  INFO 4284 --- [http-nio-8080-exec-1] o.a.c.c.C.[Tomcat].[localhost].[/]       : Initializing Spring DispatcherServlet 'dispatcherServlet'
2023-01-07 01:07:22.622  INFO 4284 --- [http-nio-8080-exec-1] o.s.web.servlet.DispatcherServlet        : Initializing Servlet 'dispatcherServlet'
2023-01-07 01:07:22.626  INFO 4284 --- [http-nio-8080-exec-1] o.s.web.servlet.DispatcherServlet        : Completed initialization in 3 ms
