2023-01-08 00:56:44.801  INFO 19028 --- [main] .e.m.c.CustomerInformationControllerTest : Starting CustomerInformationControllerTest using Java 13.0.2 on DESKTOP-NC0NQA6 with PID 19028 (started by match in C:\Users\match\eclipse-workspace\miniRest)
2023-01-08 00:56:44.812  INFO 19028 --- [main] .e.m.c.CustomerInformationControllerTest : No active profile set, falling back to 1 default profile: "default"
2023-01-08 00:56:45.755  INFO 19028 --- [main] .s.d.r.c.RepositoryConfigurationDelegate : Multiple Spring Data modules found, entering strict repository configuration mode
2023-01-08 00:56:45.757  INFO 19028 --- [main] .s.d.r.c.RepositoryConfigurationDelegate : Bootstrapping Spring Data JDBC repositories in DEFAULT mode.
2023-01-08 00:56:45.795  INFO 19028 --- [main] .RepositoryConfigurationExtensionSupport : Spring Data JDBC - Could not safely identify store assignment for repository candidate interface com.eatx.miniRest.repository.CustomerInformationRepository; If you want this repository to be a JDBC repository, consider annotating your entities with one of these annotations: org.springframework.data.relational.core.mapping.Table.
2023-01-08 00:56:45.797  INFO 19028 --- [main] .s.d.r.c.RepositoryConfigurationDelegate : Finished Spring Data repository scanning in 34 ms. Found 0 JDBC repository interfaces.
2023-01-08 00:56:45.809  INFO 19028 --- [main] .s.d.r.c.RepositoryConfigurationDelegate : Multiple Spring Data modules found, entering strict repository configuration mode
2023-01-08 00:56:45.812  INFO 19028 --- [main] .s.d.r.c.RepositoryConfigurationDelegate : Bootstrapping Spring Data JPA repositories in DEFAULT mode.
2023-01-08 00:56:45.862  INFO 19028 --- [main] .s.d.r.c.RepositoryConfigurationDelegate : Finished Spring Data repository scanning in 42 ms. Found 1 JPA repository interfaces.
2023-01-08 00:56:46.711  INFO 19028 --- [main] com.zaxxer.hikari.HikariDataSource       : HikariPool-1 - Starting...
2023-01-08 00:56:47.471  INFO 19028 --- [main] com.zaxxer.hikari.HikariDataSource       : HikariPool-1 - Start completed.
2023-01-08 00:56:47.561  INFO 19028 --- [main] o.hibernate.jpa.internal.util.LogHelper  : HHH000204: Processing PersistenceUnitInfo [name: default]
2023-01-08 00:56:47.659  INFO 19028 --- [main] org.hibernate.Version                    : HHH000412: Hibernate ORM core version 5.6.14.Final
2023-01-08 00:56:47.903  INFO 19028 --- [main] o.hibernate.annotations.common.Version   : HCANN000001: Hibernate Commons Annotations {5.1.2.Final}
2023-01-08 00:56:48.102  INFO 19028 --- [main] org.hibernate.dialect.Dialect            : HHH000400: Using dialect: org.hibernate.dialect.PostgreSQL10Dialect
2023-01-08 00:56:48.809  INFO 19028 --- [main] o.h.e.t.j.p.i.JtaPlatformInitiator       : HHH000490: Using JtaPlatform implementation: [org.hibernate.engine.transaction.jta.platform.internal.NoJtaPlatform]
2023-01-08 00:56:48.819  INFO 19028 --- [main] j.LocalContainerEntityManagerFactoryBean : Initialized JPA EntityManagerFactory for persistence unit 'default'
2023-01-08 00:56:49.515  WARN 19028 --- [main] JpaBaseConfiguration$JpaWebConfiguration : spring.jpa.open-in-view is enabled by default. Therefore, database queries may be performed during view rendering. Explicitly configure spring.jpa.open-in-view to disable this warning
2023-01-08 00:56:50.430  INFO 19028 --- [main] .e.m.c.CustomerInformationControllerTest : Started CustomerInformationControllerTest in 6.135 seconds (JVM running for 19.626)
2023-01-08 00:56:50.847  INFO 19028 --- [SpringApplicationShutdownHook] j.LocalContainerEntityManagerFactoryBean : Closing JPA EntityManagerFactory for persistence unit 'default'
2023-01-08 00:56:50.852  INFO 19028 --- [SpringApplicationShutdownHook] com.zaxxer.hikari.HikariDataSource       : HikariPool-1 - Shutdown initiated...
2023-01-08 00:56:50.867  INFO 19028 --- [SpringApplicationShutdownHook] com.zaxxer.hikari.HikariDataSource       : HikariPool-1 - Shutdown completed.
2023-01-08 01:04:12.839  INFO 11488 --- [main] .e.m.r.CustomerInformationRepositoryTest : Starting CustomerInformationRepositoryTest using Java 13.0.2 on DESKTOP-NC0NQA6 with PID 11488 (started by match in C:\Users\match\eclipse-workspace\miniRest)
2023-01-08 01:04:12.841  INFO 11488 --- [main] .e.m.r.CustomerInformationRepositoryTest : No active profile set, falling back to 1 default profile: "default"
2023-01-08 01:04:13.651  INFO 11488 --- [main] .s.d.r.c.RepositoryConfigurationDelegate : Multiple Spring Data modules found, entering strict repository configuration mode
2023-01-08 01:04:13.653  INFO 11488 --- [main] .s.d.r.c.RepositoryConfigurationDelegate : Bootstrapping Spring Data JDBC repositories in DEFAULT mode.
2023-01-08 01:04:13.683  INFO 11488 --- [main] .RepositoryConfigurationExtensionSupport : Spring Data JDBC - Could not safely identify store assignment for repository candidate interface com.eatx.miniRest.repository.CustomerInformationRepository; If you want this repository to be a JDBC repository, consider annotating your entities with one of these annotations: org.springframework.data.relational.core.mapping.Table.
2023-01-08 01:04:13.684  INFO 11488 --- [main] .s.d.r.c.RepositoryConfigurationDelegate : Finished Spring Data repository scanning in 25 ms. Found 0 JDBC repository interfaces.
2023-01-08 01:04:13.694  INFO 11488 --- [main] .s.d.r.c.RepositoryConfigurationDelegate : Multiple Spring Data modules found, entering strict repository configuration mode
2023-01-08 01:04:13.695  INFO 11488 --- [main] .s.d.r.c.RepositoryConfigurationDelegate : Bootstrapping Spring Data JPA repositories in DEFAULT mode.
2023-01-08 01:04:13.734  INFO 11488 --- [main] .s.d.r.c.RepositoryConfigurationDelegate : Finished Spring Data repository scanning in 33 ms. Found 1 JPA repository interfaces.
2023-01-08 01:04:14.386  INFO 11488 --- [main] com.zaxxer.hikari.HikariDataSource       : HikariPool-1 - Starting...
2023-01-08 01:04:15.109  INFO 11488 --- [main] com.zaxxer.hikari.HikariDataSource       : HikariPool-1 - Start completed.
2023-01-08 01:04:15.212  INFO 11488 --- [main] o.hibernate.jpa.internal.util.LogHelper  : HHH000204: Processing PersistenceUnitInfo [name: default]
2023-01-08 01:04:15.319  INFO 11488 --- [main] org.hibernate.Version                    : HHH000412: Hibernate ORM core version 5.6.14.Final
2023-01-08 01:04:15.568  INFO 11488 --- [main] o.hibernate.annotations.common.Version   : HCANN000001: Hibernate Commons Annotations {5.1.2.Final}
2023-01-08 01:04:15.832  INFO 11488 --- [main] org.hibernate.dialect.Dialect            : HHH000400: Using dialect: org.hibernate.dialect.PostgreSQL10Dialect
2023-01-08 01:04:16.740  INFO 11488 --- [main] o.h.e.t.j.p.i.JtaPlatformInitiator       : HHH000490: Using JtaPlatform implementation: [org.hibernate.engine.transaction.jta.platform.internal.NoJtaPlatform]
2023-01-08 01:04:16.751  INFO 11488 --- [main] j.LocalContainerEntityManagerFactoryBean : Initialized JPA EntityManagerFactory for persistence unit 'default'
2023-01-08 01:04:17.824  WARN 11488 --- [main] JpaBaseConfiguration$JpaWebConfiguration : spring.jpa.open-in-view is enabled by default. Therefore, database queries may be performed during view rendering. Explicitly configure spring.jpa.open-in-view to disable this warning
2023-01-08 01:04:18.788  INFO 11488 --- [main] .e.m.r.CustomerInformationRepositoryTest : Started CustomerInformationRepositoryTest in 6.409 seconds (JVM running for 7.959)
2023-01-08 01:04:19.216  INFO 11488 --- [SpringApplicationShutdownHook] j.LocalContainerEntityManagerFactoryBean : Closing JPA EntityManagerFactory for persistence unit 'default'
2023-01-08 01:04:19.220  INFO 11488 --- [SpringApplicationShutdownHook] com.zaxxer.hikari.HikariDataSource       : HikariPool-1 - Shutdown initiated...
2023-01-08 01:04:19.230  INFO 11488 --- [SpringApplicationShutdownHook] com.zaxxer.hikari.HikariDataSource       : HikariPool-1 - Shutdown completed.
2023-01-08 01:04:58.096  INFO 13540 --- [main] e.m.c.CustomerInformationControllerITest : Starting CustomerInformationControllerITest using Java 13.0.2 on DESKTOP-NC0NQA6 with PID 13540 (started by match in C:\Users\match\eclipse-workspace\miniRest)
2023-01-08 01:04:58.099  INFO 13540 --- [main] e.m.c.CustomerInformationControllerITest : No active profile set, falling back to 1 default profile: "default"
2023-01-08 01:04:59.346  INFO 13540 --- [main] .s.d.r.c.RepositoryConfigurationDelegate : Multiple Spring Data modules found, entering strict repository configuration mode
2023-01-08 01:04:59.350  INFO 13540 --- [main] .s.d.r.c.RepositoryConfigurationDelegate : Bootstrapping Spring Data JDBC repositories in DEFAULT mode.
2023-01-08 01:04:59.391  INFO 13540 --- [main] .RepositoryConfigurationExtensionSupport : Spring Data JDBC - Could not safely identify store assignment for repository candidate interface com.eatx.miniRest.repository.CustomerInformationRepository; If you want this repository to be a JDBC repository, consider annotating your entities with one of these annotations: org.springframework.data.relational.core.mapping.Table.
2023-01-08 01:04:59.392  INFO 13540 --- [main] .s.d.r.c.RepositoryConfigurationDelegate : Finished Spring Data repository scanning in 34 ms. Found 0 JDBC repository interfaces.
2023-01-08 01:04:59.407  INFO 13540 --- [main] .s.d.r.c.RepositoryConfigurationDelegate : Multiple Spring Data modules found, entering strict repository configuration mode
2023-01-08 01:04:59.409  INFO 13540 --- [main] .s.d.r.c.RepositoryConfigurationDelegate : Bootstrapping Spring Data JPA repositories in DEFAULT mode.
2023-01-08 01:04:59.457  INFO 13540 --- [main] .s.d.r.c.RepositoryConfigurationDelegate : Finished Spring Data repository scanning in 41 ms. Found 1 JPA repository interfaces.
2023-01-08 01:05:00.431  INFO 13540 --- [main] com.zaxxer.hikari.HikariDataSource       : HikariPool-1 - Starting...
2023-01-08 01:05:01.252  INFO 13540 --- [main] com.zaxxer.hikari.HikariDataSource       : HikariPool-1 - Start completed.
2023-01-08 01:05:01.378  INFO 13540 --- [main] o.hibernate.jpa.internal.util.LogHelper  : HHH000204: Processing PersistenceUnitInfo [name: default]
2023-01-08 01:05:01.502  INFO 13540 --- [main] org.hibernate.Version                    : HHH000412: Hibernate ORM core version 5.6.14.Final
2023-01-08 01:05:01.852  INFO 13540 --- [main] o.hibernate.annotations.common.Version   : HCANN000001: Hibernate Commons Annotations {5.1.2.Final}
2023-01-08 01:05:02.159  INFO 13540 --- [main] org.hibernate.dialect.Dialect            : HHH000400: Using dialect: org.hibernate.dialect.PostgreSQL10Dialect
2023-01-08 01:05:03.216  INFO 13540 --- [main] o.h.e.t.j.p.i.JtaPlatformInitiator       : HHH000490: Using JtaPlatform implementation: [org.hibernate.engine.transaction.jta.platform.internal.NoJtaPlatform]
2023-01-08 01:05:03.231  INFO 13540 --- [main] j.LocalContainerEntityManagerFactoryBean : Initialized JPA EntityManagerFactory for persistence unit 'default'
2023-01-08 01:05:04.150  WARN 13540 --- [main] JpaBaseConfiguration$JpaWebConfiguration : spring.jpa.open-in-view is enabled by default. Therefore, database queries may be performed during view rendering. Explicitly configure spring.jpa.open-in-view to disable this warning
2023-01-08 01:05:05.282  INFO 13540 --- [main] e.m.c.CustomerInformationControllerITest : Started CustomerInformationControllerITest in 7.874 seconds (JVM running for 10.492)
2023-01-08 01:05:05.717  INFO 13540 --- [main] .b.t.c.SpringBootTestContextBootstrapper : Neither @ContextConfiguration nor @ContextHierarchy found for test class [com.eatx.miniRest.controller.CustomerInformationControllerTest], using SpringBootContextLoader
2023-01-08 01:05:05.719  INFO 13540 --- [main] o.s.t.c.support.AbstractContextLoader    : Could not detect default resource locations for test class [com.eatx.miniRest.controller.CustomerInformationControllerTest]: no resource found for suffixes {-context.xml, Context.groovy}.
2023-01-08 01:05:05.719  INFO 13540 --- [main] t.c.s.AnnotationConfigContextLoaderUtils : Could not detect default configuration classes for test class [com.eatx.miniRest.controller.CustomerInformationControllerTest]: CustomerInformationControllerTest does not declare any static, non-private, non-final, nested classes annotated with @Configuration.
2023-01-08 01:05:05.723  INFO 13540 --- [main] .b.t.c.SpringBootTestContextBootstrapper : Found @SpringBootConfiguration com.eatx.miniRest.MiniRestApplication for test class com.eatx.miniRest.controller.CustomerInformationControllerTest
2023-01-08 01:05:05.726  INFO 13540 --- [main] .b.t.c.SpringBootTestContextBootstrapper : Loaded default TestExecutionListener class names from location [META-INF/spring.factories]: [org.springframework.boot.test.mock.mockito.MockitoTestExecutionListener, org.springframework.boot.test.mock.mockito.ResetMocksTestExecutionListener, org.springframework.boot.test.autoconfigure.restdocs.RestDocsTestExecutionListener, org.springframework.boot.test.autoconfigure.web.client.MockRestServiceServerResetTestExecutionListener, org.springframework.boot.test.autoconfigure.web.servlet.MockMvcPrintOnlyOnFailureTestExecutionListener, org.springframework.boot.test.autoconfigure.web.servlet.WebDriverTestExecutionListener, org.springframework.boot.test.autoconfigure.webservices.client.MockWebServiceServerTestExecutionListener, org.springframework.test.context.web.ServletTestExecutionListener, org.springframework.test.context.support.DirtiesContextBeforeModesTestExecutionListener, org.springframework.test.context.event.ApplicationEventsTestExecutionListener, org.springframework.test.context.support.DependencyInjectionTestExecutionListener, org.springframework.test.context.support.DirtiesContextTestExecutionListener, org.springframework.test.context.transaction.TransactionalTestExecutionListener, org.springframework.test.context.jdbc.SqlScriptsTestExecutionListener, org.springframework.test.context.event.EventPublishingTestExecutionListener]
2023-01-08 01:05:05.727  INFO 13540 --- [main] .b.t.c.SpringBootTestContextBootstrapper : Using TestExecutionListeners: [org.springframework.test.context.web.ServletTestExecutionListener@24901e36, org.springframework.test.context.support.DirtiesContextBeforeModesTestExecutionListener@2c7f9d8d, org.springframework.test.context.event.ApplicationEventsTestExecutionListener@60e877a, org.springframework.boot.test.mock.mockito.MockitoTestExecutionListener@34e2dc5b, org.springframework.boot.test.autoconfigure.SpringBootDependencyInjectionTestExecutionListener@10a7055f, org.springframework.test.context.support.DirtiesContextTestExecutionListener@40647133, org.springframework.test.context.transaction.TransactionalTestExecutionListener@32230b12, org.springframework.test.context.jdbc.SqlScriptsTestExecutionListener@10811909, org.springframework.test.context.event.EventPublishingTestExecutionListener@38a46bbb, org.springframework.boot.test.mock.mockito.ResetMocksTestExecutionListener@5baa7875, org.springframework.boot.test.autoconfigure.restdocs.RestDocsTestExecutionListener@717b9389, org.springframework.boot.test.autoconfigure.web.client.MockRestServiceServerResetTestExecutionListener@692a95fe, org.springframework.boot.test.autoconfigure.web.servlet.MockMvcPrintOnlyOnFailureTestExecutionListener@7248c2d3, org.springframework.boot.test.autoconfigure.web.servlet.WebDriverTestExecutionListener@7a29753f, org.springframework.boot.test.autoconfigure.webservices.client.MockWebServiceServerTestExecutionListener@57e34628]
2023-01-08 01:05:05.876  INFO 13540 --- [main] .b.t.c.SpringBootTestContextBootstrapper : Neither @ContextConfiguration nor @ContextHierarchy found for test class [com.eatx.miniRest.repository.CustomerInformationRepositoryITest], using SpringBootContextLoader
2023-01-08 01:05:05.878  INFO 13540 --- [main] o.s.t.c.support.AbstractContextLoader    : Could not detect default resource locations for test class [com.eatx.miniRest.repository.CustomerInformationRepositoryITest]: no resource found for suffixes {-context.xml, Context.groovy}.
2023-01-08 01:05:05.879  INFO 13540 --- [main] t.c.s.AnnotationConfigContextLoaderUtils : Could not detect default configuration classes for test class [com.eatx.miniRest.repository.CustomerInformationRepositoryITest]: CustomerInformationRepositoryITest does not declare any static, non-private, non-final, nested classes annotated with @Configuration.
2023-01-08 01:05:05.892  INFO 13540 --- [main] .b.t.c.SpringBootTestContextBootstrapper : Found @SpringBootConfiguration com.eatx.miniRest.MiniRestApplication for test class com.eatx.miniRest.repository.CustomerInformationRepositoryITest
2023-01-08 01:05:05.895  INFO 13540 --- [main] .b.t.c.SpringBootTestContextBootstrapper : Loaded default TestExecutionListener class names from location [META-INF/spring.factories]: [org.springframework.boot.test.mock.mockito.MockitoTestExecutionListener, org.springframework.boot.test.mock.mockito.ResetMocksTestExecutionListener, org.springframework.boot.test.autoconfigure.restdocs.RestDocsTestExecutionListener, org.springframework.boot.test.autoconfigure.web.client.MockRestServiceServerResetTestExecutionListener, org.springframework.boot.test.autoconfigure.web.servlet.MockMvcPrintOnlyOnFailureTestExecutionListener, org.springframework.boot.test.autoconfigure.web.servlet.WebDriverTestExecutionListener, org.springframework.boot.test.autoconfigure.webservices.client.MockWebServiceServerTestExecutionListener, org.springframework.test.context.web.ServletTestExecutionListener, org.springframework.test.context.support.DirtiesContextBeforeModesTestExecutionListener, org.springframework.test.context.event.ApplicationEventsTestExecutionListener, org.springframework.test.context.support.DependencyInjectionTestExecutionListener, org.springframework.test.context.support.DirtiesContextTestExecutionListener, org.springframework.test.context.transaction.TransactionalTestExecutionListener, org.springframework.test.context.jdbc.SqlScriptsTestExecutionListener, org.springframework.test.context.event.EventPublishingTestExecutionListener]
2023-01-08 01:05:05.896  INFO 13540 --- [main] .b.t.c.SpringBootTestContextBootstrapper : Using TestExecutionListeners: [org.springframework.test.context.web.ServletTestExecutionListener@3ceba23a, org.springframework.test.context.support.DirtiesContextBeforeModesTestExecutionListener@c24c79d, org.springframework.test.context.event.ApplicationEventsTestExecutionListener@12892f1e, org.springframework.boot.test.mock.mockito.MockitoTestExecutionListener@3eab9f23, org.springframework.boot.test.autoconfigure.SpringBootDependencyInjectionTestExecutionListener@5fb010be, org.springframework.test.context.support.DirtiesContextTestExecutionListener@75023cfa, org.springframework.test.context.transaction.TransactionalTestExecutionListener@2ea81c9b, org.springframework.test.context.jdbc.SqlScriptsTestExecutionListener@4c98ccea, org.springframework.test.context.event.EventPublishingTestExecutionListener@13f21027, org.springframework.boot.test.mock.mockito.ResetMocksTestExecutionListener@77731b4f, org.springframework.boot.test.autoconfigure.restdocs.RestDocsTestExecutionListener@19519dfe, org.springframework.boot.test.autoconfigure.web.client.MockRestServiceServerResetTestExecutionListener@1324fda2, org.springframework.boot.test.autoconfigure.web.servlet.MockMvcPrintOnlyOnFailureTestExecutionListener@10d4b4c9, org.springframework.boot.test.autoconfigure.web.servlet.WebDriverTestExecutionListener@7f927cff, org.springframework.boot.test.autoconfigure.webservices.client.MockWebServiceServerTestExecutionListener@6ab9b09e]
2023-01-08 01:05:05.924  INFO 13540 --- [main] .b.t.c.SpringBootTestContextBootstrapper : Neither @ContextConfiguration nor @ContextHierarchy found for test class [com.eatx.miniRest.repository.CustomerInformationRepositoryTest], using SpringBootContextLoader
2023-01-08 01:05:05.926  INFO 13540 --- [main] o.s.t.c.support.AbstractContextLoader    : Could not detect default resource locations for test class [com.eatx.miniRest.repository.CustomerInformationRepositoryTest]: no resource found for suffixes {-context.xml, Context.groovy}.
2023-01-08 01:05:05.926  INFO 13540 --- [main] t.c.s.AnnotationConfigContextLoaderUtils : Could not detect default configuration classes for test class [com.eatx.miniRest.repository.CustomerInformationRepositoryTest]: CustomerInformationRepositoryTest does not declare any static, non-private, non-final, nested classes annotated with @Configuration.
2023-01-08 01:05:05.930  INFO 13540 --- [main] .b.t.c.SpringBootTestContextBootstrapper : Found @SpringBootConfiguration com.eatx.miniRest.MiniRestApplication for test class com.eatx.miniRest.repository.CustomerInformationRepositoryTest
2023-01-08 01:05:05.934  INFO 13540 --- [main] .b.t.c.SpringBootTestContextBootstrapper : Loaded default TestExecutionListener class names from location [META-INF/spring.factories]: [org.springframework.boot.test.mock.mockito.MockitoTestExecutionListener, org.springframework.boot.test.mock.mockito.ResetMocksTestExecutionListener, org.springframework.boot.test.autoconfigure.restdocs.RestDocsTestExecutionListener, org.springframework.boot.test.autoconfigure.web.client.MockRestServiceServerResetTestExecutionListener, org.springframework.boot.test.autoconfigure.web.servlet.MockMvcPrintOnlyOnFailureTestExecutionListener, org.springframework.boot.test.autoconfigure.web.servlet.WebDriverTestExecutionListener, org.springframework.boot.test.autoconfigure.webservices.client.MockWebServiceServerTestExecutionListener, org.springframework.test.context.web.ServletTestExecutionListener, org.springframework.test.context.support.DirtiesContextBeforeModesTestExecutionListener, org.springframework.test.context.event.ApplicationEventsTestExecutionListener, org.springframework.test.context.support.DependencyInjectionTestExecutionListener, org.springframework.test.context.support.DirtiesContextTestExecutionListener, org.springframework.test.context.transaction.TransactionalTestExecutionListener, org.springframework.test.context.jdbc.SqlScriptsTestExecutionListener, org.springframework.test.context.event.EventPublishingTestExecutionListener]
2023-01-08 01:05:05.935  INFO 13540 --- [main] .b.t.c.SpringBootTestContextBootstrapper : Using TestExecutionListeners: [org.springframework.test.context.web.ServletTestExecutionListener@6b030c6b, org.springframework.test.context.support.DirtiesContextBeforeModesTestExecutionListener@71af070, org.springframework.test.context.event.ApplicationEventsTestExecutionListener@20808d4d, org.springframework.boot.test.mock.mockito.MockitoTestExecutionListener@5a723872, org.springframework.boot.test.autoconfigure.SpringBootDependencyInjectionTestExecutionListener@29610703, org.springframework.test.context.support.DirtiesContextTestExecutionListener@7928eb2f, org.springframework.test.context.transaction.TransactionalTestExecutionListener@5d66fba2, org.springframework.test.context.jdbc.SqlScriptsTestExecutionListener@161ce9d4, org.springframework.test.context.event.EventPublishingTestExecutionListener@3764bd0b, org.springframework.boot.test.mock.mockito.ResetMocksTestExecutionListener@9ab495b, org.springframework.boot.test.autoconfigure.restdocs.RestDocsTestExecutionListener@637a1827, org.springframework.boot.test.autoconfigure.web.client.MockRestServiceServerResetTestExecutionListener@12590fd5, org.springframework.boot.test.autoconfigure.web.servlet.MockMvcPrintOnlyOnFailureTestExecutionListener@476470, org.springframework.boot.test.autoconfigure.web.servlet.WebDriverTestExecutionListener@53f504b2, org.springframework.boot.test.autoconfigure.webservices.client.MockWebServiceServerTestExecutionListener@60fd85cb]
2023-01-08 01:05:06.019  INFO 13540 --- [main] .b.t.c.SpringBootTestContextBootstrapper : Neither @ContextConfiguration nor @ContextHierarchy found for test class [com.eatx.miniRest.MiniRestApplicationTests], using SpringBootContextLoader
2023-01-08 01:05:06.021  INFO 13540 --- [main] o.s.t.c.support.AbstractContextLoader    : Could not detect default resource locations for test class [com.eatx.miniRest.MiniRestApplicationTests]: no resource found for suffixes {-context.xml, Context.groovy}.
2023-01-08 01:05:06.022  INFO 13540 --- [main] t.c.s.AnnotationConfigContextLoaderUtils : Could not detect default configuration classes for test class [com.eatx.miniRest.MiniRestApplicationTests]: MiniRestApplicationTests does not declare any static, non-private, non-final, nested classes annotated with @Configuration.
2023-01-08 01:05:06.030  INFO 13540 --- [main] .b.t.c.SpringBootTestContextBootstrapper : Found @SpringBootConfiguration com.eatx.miniRest.MiniRestApplication for test class com.eatx.miniRest.MiniRestApplicationTests
2023-01-08 01:05:06.033  INFO 13540 --- [main] .b.t.c.SpringBootTestContextBootstrapper : Loaded default TestExecutionListener class names from location [META-INF/spring.factories]: [org.springframework.boot.test.mock.mockito.MockitoTestExecutionListener, org.springframework.boot.test.mock.mockito.ResetMocksTestExecutionListener, org.springframework.boot.test.autoconfigure.restdocs.RestDocsTestExecutionListener, org.springframework.boot.test.autoconfigure.web.client.MockRestServiceServerResetTestExecutionListener, org.springframework.boot.test.autoconfigure.web.servlet.MockMvcPrintOnlyOnFailureTestExecutionListener, org.springframework.boot.test.autoconfigure.web.servlet.WebDriverTestExecutionListener, org.springframework.boot.test.autoconfigure.webservices.client.MockWebServiceServerTestExecutionListener, org.springframework.test.context.web.ServletTestExecutionListener, org.springframework.test.context.support.DirtiesContextBeforeModesTestExecutionListener, org.springframework.test.context.event.ApplicationEventsTestExecutionListener, org.springframework.test.context.support.DependencyInjectionTestExecutionListener, org.springframework.test.context.support.DirtiesContextTestExecutionListener, org.springframework.test.context.transaction.TransactionalTestExecutionListener, org.springframework.test.context.jdbc.SqlScriptsTestExecutionListener, org.springframework.test.context.event.EventPublishingTestExecutionListener]
2023-01-08 01:05:06.034  INFO 13540 --- [main] .b.t.c.SpringBootTestContextBootstrapper : Using TestExecutionListeners: [org.springframework.test.context.web.ServletTestExecutionListener@cac2e26, org.springframework.test.context.support.DirtiesContextBeforeModesTestExecutionListener@36c0c1b1, org.springframework.test.context.event.ApplicationEventsTestExecutionListener@6df8b8de, org.springframework.boot.test.mock.mockito.MockitoTestExecutionListener@32783d7c, org.springframework.boot.test.autoconfigure.SpringBootDependencyInjectionTestExecutionListener@5f48f80b, org.springframework.test.context.support.DirtiesContextTestExecutionListener@6fb5671a, org.springframework.test.context.transaction.TransactionalTestExecutionListener@47a30c7a, org.springframework.test.context.jdbc.SqlScriptsTestExecutionListener@34c35a2f, org.springframework.test.context.event.EventPublishingTestExecutionListener@2cd3741c, org.springframework.boot.test.mock.mockito.ResetMocksTestExecutionListener@681a5b2b, org.springframework.boot.test.autoconfigure.restdocs.RestDocsTestExecutionListener@37055a8e, org.springframework.boot.test.autoconfigure.web.client.MockRestServiceServerResetTestExecutionListener@19396c63, org.springframework.boot.test.autoconfigure.web.servlet.MockMvcPrintOnlyOnFailureTestExecutionListener@2e7d88cc, org.springframework.boot.test.autoconfigure.web.servlet.WebDriverTestExecutionListener@14844d2b, org.springframework.boot.test.autoconfigure.webservices.client.MockWebServiceServerTestExecutionListener@948b41f]
2023-01-08 01:05:06.045  INFO 13540 --- [main] .b.t.c.SpringBootTestContextBootstrapper : Neither @ContextConfiguration nor @ContextHierarchy found for test class [com.eatx.miniRest.MiniRestPropertiesTest], using SpringBootContextLoader
2023-01-08 01:05:06.047  INFO 13540 --- [main] o.s.t.c.support.AbstractContextLoader    : Could not detect default resource locations for test class [com.eatx.miniRest.MiniRestPropertiesTest]: no resource found for suffixes {-context.xml, Context.groovy}.
2023-01-08 01:05:06.047  INFO 13540 --- [main] t.c.s.AnnotationConfigContextLoaderUtils : Could not detect default configuration classes for test class [com.eatx.miniRest.MiniRestPropertiesTest]: MiniRestPropertiesTest does not declare any static, non-private, non-final, nested classes annotated with @Configuration.
2023-01-08 01:05:06.049  INFO 13540 --- [main] .b.t.c.SpringBootTestContextBootstrapper : Found @SpringBootConfiguration com.eatx.miniRest.MiniRestApplication for test class com.eatx.miniRest.MiniRestPropertiesTest
2023-01-08 01:05:06.053  INFO 13540 --- [main] .b.t.c.SpringBootTestContextBootstrapper : Loaded default TestExecutionListener class names from location [META-INF/spring.factories]: [org.springframework.boot.test.mock.mockito.MockitoTestExecutionListener, org.springframework.boot.test.mock.mockito.ResetMocksTestExecutionListener, org.springframework.boot.test.autoconfigure.restdocs.RestDocsTestExecutionListener, org.springframework.boot.test.autoconfigure.web.client.MockRestServiceServerResetTestExecutionListener, org.springframework.boot.test.autoconfigure.web.servlet.MockMvcPrintOnlyOnFailureTestExecutionListener, org.springframework.boot.test.autoconfigure.web.servlet.WebDriverTestExecutionListener, org.springframework.boot.test.autoconfigure.webservices.client.MockWebServiceServerTestExecutionListener, org.springframework.test.context.web.ServletTestExecutionListener, org.springframework.test.context.support.DirtiesContextBeforeModesTestExecutionListener, org.springframework.test.context.event.ApplicationEventsTestExecutionListener, org.springframework.test.context.support.DependencyInjectionTestExecutionListener, org.springframework.test.context.support.DirtiesContextTestExecutionListener, org.springframework.test.context.transaction.TransactionalTestExecutionListener, org.springframework.test.context.jdbc.SqlScriptsTestExecutionListener, org.springframework.test.context.event.EventPublishingTestExecutionListener]
2023-01-08 01:05:06.054  INFO 13540 --- [main] .b.t.c.SpringBootTestContextBootstrapper : Using TestExecutionListeners: [org.springframework.test.context.web.ServletTestExecutionListener@1939537d, org.springframework.test.context.support.DirtiesContextBeforeModesTestExecutionListener@2fe2a864, org.springframework.test.context.event.ApplicationEventsTestExecutionListener@634609cb, org.springframework.boot.test.mock.mockito.MockitoTestExecutionListener@3c808f11, org.springframework.boot.test.autoconfigure.SpringBootDependencyInjectionTestExecutionListener@6ff18147, org.springframework.test.context.support.DirtiesContextTestExecutionListener@556aa555, org.springframework.test.context.transaction.TransactionalTestExecutionListener@631f662, org.springframework.test.context.jdbc.SqlScriptsTestExecutionListener@3e7109b2, org.springframework.test.context.event.EventPublishingTestExecutionListener@5d695c82, org.springframework.boot.test.mock.mockito.ResetMocksTestExecutionListener@5d291a77, org.springframework.boot.test.autoconfigure.restdocs.RestDocsTestExecutionListener@54227556, org.springframework.boot.test.autoconfigure.web.client.MockRestServiceServerResetTestExecutionListener@6228caf9, org.springframework.boot.test.autoconfigure.web.servlet.MockMvcPrintOnlyOnFailureTestExecutionListener@75b21772, org.springframework.boot.test.autoconfigure.web.servlet.WebDriverTestExecutionListener@605d5111, org.springframework.boot.test.autoconfigure.webservices.client.MockWebServiceServerTestExecutionListener@27120089]
2023-01-08 01:05:07.916  INFO 13540 --- [SpringApplicationShutdownHook] j.LocalContainerEntityManagerFactoryBean : Closing JPA EntityManagerFactory for persistence unit 'default'
2023-01-08 01:05:07.919  INFO 13540 --- [SpringApplicationShutdownHook] com.zaxxer.hikari.HikariDataSource       : HikariPool-1 - Shutdown initiated...
2023-01-08 01:05:07.927  INFO 13540 --- [SpringApplicationShutdownHook] com.zaxxer.hikari.HikariDataSource       : HikariPool-1 - Shutdown completed.
2023-01-08 01:12:00.422  INFO 19156 --- [main] com.eatx.miniRest.MiniRestApplication    : Starting MiniRestApplication using Java 13.0.2 on DESKTOP-NC0NQA6 with PID 19156 (C:\Users\match\eclipse-workspace\miniRest\target\classes started by match in C:\Users\match\eclipse-workspace\miniRest)
2023-01-08 01:12:00.426  INFO 19156 --- [main] com.eatx.miniRest.MiniRestApplication    : No active profile set, falling back to 1 default profile: "default"
2023-01-08 01:12:01.277  INFO 19156 --- [main] .s.d.r.c.RepositoryConfigurationDelegate : Multiple Spring Data modules found, entering strict repository configuration mode
2023-01-08 01:12:01.280  INFO 19156 --- [main] .s.d.r.c.RepositoryConfigurationDelegate : Bootstrapping Spring Data JDBC repositories in DEFAULT mode.
2023-01-08 01:12:01.321  INFO 19156 --- [main] .RepositoryConfigurationExtensionSupport : Spring Data JDBC - Could not safely identify store assignment for repository candidate interface com.eatx.miniRest.repository.CustomerInformationRepository; If you want this repository to be a JDBC repository, consider annotating your entities with one of these annotations: org.springframework.data.relational.core.mapping.Table.
2023-01-08 01:12:01.321  INFO 19156 --- [main] .s.d.r.c.RepositoryConfigurationDelegate : Finished Spring Data repository scanning in 34 ms. Found 0 JDBC repository interfaces.
2023-01-08 01:12:01.333  INFO 19156 --- [main] .s.d.r.c.RepositoryConfigurationDelegate : Multiple Spring Data modules found, entering strict repository configuration mode
2023-01-08 01:12:01.335  INFO 19156 --- [main] .s.d.r.c.RepositoryConfigurationDelegate : Bootstrapping Spring Data JPA repositories in DEFAULT mode.
2023-01-08 01:12:01.391  INFO 19156 --- [main] .s.d.r.c.RepositoryConfigurationDelegate : Finished Spring Data repository scanning in 46 ms. Found 1 JPA repository interfaces.
2023-01-08 01:12:02.537  INFO 19156 --- [main] o.s.b.w.embedded.tomcat.TomcatWebServer  : Tomcat initialized with port(s): 8080 (http)
2023-01-08 01:12:02.551  INFO 19156 --- [main] o.apache.catalina.core.StandardService   : Starting service [Tomcat]
2023-01-08 01:12:02.551  INFO 19156 --- [main] org.apache.catalina.core.StandardEngine  : Starting Servlet engine: [Apache Tomcat/9.0.70]
2023-01-08 01:12:02.736  INFO 19156 --- [main] o.a.c.c.C.[Tomcat].[localhost].[/]       : Initializing Spring embedded WebApplicationContext
2023-01-08 01:12:02.736  INFO 19156 --- [main] w.s.c.ServletWebServerApplicationContext : Root WebApplicationContext: initialization completed in 2245 ms
2023-01-08 01:12:02.984  INFO 19156 --- [main] com.zaxxer.hikari.HikariDataSource       : HikariPool-1 - Starting...
2023-01-08 01:12:03.356  INFO 19156 --- [main] com.zaxxer.hikari.HikariDataSource       : HikariPool-1 - Start completed.
2023-01-08 01:12:03.561  INFO 19156 --- [main] o.hibernate.jpa.internal.util.LogHelper  : HHH000204: Processing PersistenceUnitInfo [name: default]
2023-01-08 01:12:03.703  INFO 19156 --- [main] org.hibernate.Version                    : HHH000412: Hibernate ORM core version 5.6.14.Final
2023-01-08 01:12:03.925  INFO 19156 --- [main] o.hibernate.annotations.common.Version   : HCANN000001: Hibernate Commons Annotations {5.1.2.Final}
2023-01-08 01:12:04.073  INFO 19156 --- [main] org.hibernate.dialect.Dialect            : HHH000400: Using dialect: org.hibernate.dialect.PostgreSQL10Dialect
2023-01-08 01:12:04.726  INFO 19156 --- [main] o.h.e.t.j.p.i.JtaPlatformInitiator       : HHH000490: Using JtaPlatform implementation: [org.hibernate.engine.transaction.jta.platform.internal.NoJtaPlatform]
2023-01-08 01:12:04.736  INFO 19156 --- [main] j.LocalContainerEntityManagerFactoryBean : Initialized JPA EntityManagerFactory for persistence unit 'default'
2023-01-08 01:12:05.225  WARN 19156 --- [main] JpaBaseConfiguration$JpaWebConfiguration : spring.jpa.open-in-view is enabled by default. Therefore, database queries may be performed during view rendering. Explicitly configure spring.jpa.open-in-view to disable this warning
2023-01-08 01:12:06.130  INFO 19156 --- [main] o.s.b.w.embedded.tomcat.TomcatWebServer  : Tomcat started on port(s): 8080 (http) with context path ''
2023-01-08 01:12:06.140  INFO 19156 --- [main] com.eatx.miniRest.MiniRestApplication    : Started MiniRestApplication in 6.373 seconds (JVM running for 6.917)
2023-01-08 01:12:26.475  INFO 19156 --- [http-nio-8080-exec-2] o.a.c.c.C.[Tomcat].[localhost].[/]       : Initializing Spring DispatcherServlet 'dispatcherServlet'
2023-01-08 01:12:26.476  INFO 19156 --- [http-nio-8080-exec-2] o.s.web.servlet.DispatcherServlet        : Initializing Servlet 'dispatcherServlet'
2023-01-08 01:12:26.478  INFO 19156 --- [http-nio-8080-exec-2] o.s.web.servlet.DispatcherServlet        : Completed initialization in 1 ms
2023-01-08 01:20:42.520  WARN 19156 --- [http-nio-8080-exec-8] .w.s.m.s.DefaultHandlerExceptionResolver : Resolved [org.springframework.http.converter.HttpMessageNotReadableException: JSON parse error: Unexpected character ('}' (code 125)): was expecting double-quote to start field name; nested exception is com.fasterxml.jackson.core.JsonParseException: Unexpected character ('}' (code 125)): was expecting double-quote to start field name<EOL> at [Source: (org.springframework.util.StreamUtils$NonClosingInputStream); line: 10, column: 2]]
2023-01-08 01:21:13.836  INFO 4852 --- [main] com.eatx.miniRest.MiniRestApplication    : Starting MiniRestApplication using Java 13.0.2 on DESKTOP-NC0NQA6 with PID 4852 (C:\Users\match\eclipse-workspace\miniRest\target\classes started by match in C:\Users\match\eclipse-workspace\miniRest)
2023-01-08 01:21:13.846  INFO 4852 --- [main] com.eatx.miniRest.MiniRestApplication    : No active profile set, falling back to 1 default profile: "default"
2023-01-08 01:21:14.886  INFO 4852 --- [main] .s.d.r.c.RepositoryConfigurationDelegate : Multiple Spring Data modules found, entering strict repository configuration mode
2023-01-08 01:21:14.888  INFO 4852 --- [main] .s.d.r.c.RepositoryConfigurationDelegate : Bootstrapping Spring Data JDBC repositories in DEFAULT mode.
2023-01-08 01:21:14.934  INFO 4852 --- [main] .RepositoryConfigurationExtensionSupport : Spring Data JDBC - Could not safely identify store assignment for repository candidate interface com.eatx.miniRest.repository.CustomerInformationRepository; If you want this repository to be a JDBC repository, consider annotating your entities with one of these annotations: org.springframework.data.relational.core.mapping.Table.
2023-01-08 01:21:14.935  INFO 4852 --- [main] .s.d.r.c.RepositoryConfigurationDelegate : Finished Spring Data repository scanning in 40 ms. Found 0 JDBC repository interfaces.
2023-01-08 01:21:14.947  INFO 4852 --- [main] .s.d.r.c.RepositoryConfigurationDelegate : Multiple Spring Data modules found, entering strict repository configuration mode
2023-01-08 01:21:14.950  INFO 4852 --- [main] .s.d.r.c.RepositoryConfigurationDelegate : Bootstrapping Spring Data JPA repositories in DEFAULT mode.
2023-01-08 01:21:15.003  INFO 4852 --- [main] .s.d.r.c.RepositoryConfigurationDelegate : Finished Spring Data repository scanning in 43 ms. Found 1 JPA repository interfaces.
2023-01-08 01:21:16.363  INFO 4852 --- [main] o.s.b.w.embedded.tomcat.TomcatWebServer  : Tomcat initialized with port(s): 8080 (http)
2023-01-08 01:21:16.384  INFO 4852 --- [main] o.apache.catalina.core.StandardService   : Starting service [Tomcat]
2023-01-08 01:21:16.385  INFO 4852 --- [main] org.apache.catalina.core.StandardEngine  : Starting Servlet engine: [Apache Tomcat/9.0.70]
2023-01-08 01:21:16.608  INFO 4852 --- [main] o.a.c.c.C.[Tomcat].[localhost].[/]       : Initializing Spring embedded WebApplicationContext
2023-01-08 01:21:16.609  INFO 4852 --- [main] w.s.c.ServletWebServerApplicationContext : Root WebApplicationContext: initialization completed in 2687 ms
2023-01-08 01:21:16.905  INFO 4852 --- [main] com.zaxxer.hikari.HikariDataSource       : HikariPool-1 - Starting...
2023-01-08 01:21:17.265  INFO 4852 --- [main] com.zaxxer.hikari.HikariDataSource       : HikariPool-1 - Start completed.
2023-01-08 01:21:17.343  INFO 4852 --- [main] o.hibernate.jpa.internal.util.LogHelper  : HHH000204: Processing PersistenceUnitInfo [name: default]
2023-01-08 01:21:17.475  INFO 4852 --- [main] org.hibernate.Version                    : HHH000412: Hibernate ORM core version 5.6.14.Final
2023-01-08 01:21:17.823  INFO 4852 --- [main] o.hibernate.annotations.common.Version   : HCANN000001: Hibernate Commons Annotations {5.1.2.Final}
2023-01-08 01:21:18.080  INFO 4852 --- [main] org.hibernate.dialect.Dialect            : HHH000400: Using dialect: org.hibernate.dialect.PostgreSQL10Dialect
2023-01-08 01:21:19.202  INFO 4852 --- [main] o.h.e.t.j.p.i.JtaPlatformInitiator       : HHH000490: Using JtaPlatform implementation: [org.hibernate.engine.transaction.jta.platform.internal.NoJtaPlatform]
2023-01-08 01:21:19.221  INFO 4852 --- [main] j.LocalContainerEntityManagerFactoryBean : Initialized JPA EntityManagerFactory for persistence unit 'default'
2023-01-08 01:21:19.871  WARN 4852 --- [main] JpaBaseConfiguration$JpaWebConfiguration : spring.jpa.open-in-view is enabled by default. Therefore, database queries may be performed during view rendering. Explicitly configure spring.jpa.open-in-view to disable this warning
2023-01-08 01:21:20.864  INFO 4852 --- [main] o.s.b.w.embedded.tomcat.TomcatWebServer  : Tomcat started on port(s): 8080 (http) with context path ''
2023-01-08 01:21:20.875  INFO 4852 --- [main] com.eatx.miniRest.MiniRestApplication    : Started MiniRestApplication in 7.895 seconds (JVM running for 9.109)
2023-01-08 01:21:29.190  INFO 4852 --- [http-nio-8080-exec-1] o.a.c.c.C.[Tomcat].[localhost].[/]       : Initializing Spring DispatcherServlet 'dispatcherServlet'
2023-01-08 01:21:29.193  INFO 4852 --- [http-nio-8080-exec-1] o.s.web.servlet.DispatcherServlet        : Initializing Servlet 'dispatcherServlet'
2023-01-08 01:21:29.197  INFO 4852 --- [http-nio-8080-exec-1] o.s.web.servlet.DispatcherServlet        : Completed initialization in 4 ms
2023-01-08 01:21:29.451  WARN 4852 --- [http-nio-8080-exec-1] .w.s.m.s.DefaultHandlerExceptionResolver : Resolved [org.springframework.http.converter.HttpMessageNotReadableException: JSON parse error: Unexpected character ('}' (code 125)): was expecting double-quote to start field name; nested exception is com.fasterxml.jackson.core.JsonParseException: Unexpected character ('}' (code 125)): was expecting double-quote to start field name<EOL> at [Source: (org.springframework.util.StreamUtils$NonClosingInputStream); line: 10, column: 2]]
2023-01-08 01:21:59.165  INFO 21388 --- [main] com.eatx.miniRest.MiniRestApplication    : Starting MiniRestApplication using Java 13.0.2 on DESKTOP-NC0NQA6 with PID 21388 (C:\Users\match\eclipse-workspace\miniRest\target\classes started by match in C:\Users\match\eclipse-workspace\miniRest)
2023-01-08 01:21:59.178  INFO 21388 --- [main] com.eatx.miniRest.MiniRestApplication    : No active profile set, falling back to 1 default profile: "default"
2023-01-08 01:22:00.452  INFO 21388 --- [main] .s.d.r.c.RepositoryConfigurationDelegate : Multiple Spring Data modules found, entering strict repository configuration mode
2023-01-08 01:22:00.456  INFO 21388 --- [main] .s.d.r.c.RepositoryConfigurationDelegate : Bootstrapping Spring Data JDBC repositories in DEFAULT mode.
2023-01-08 01:22:00.521  INFO 21388 --- [main] .RepositoryConfigurationExtensionSupport : Spring Data JDBC - Could not safely identify store assignment for repository candidate interface com.eatx.miniRest.repository.CustomerInformationRepository; If you want this repository to be a JDBC repository, consider annotating your entities with one of these annotations: org.springframework.data.relational.core.mapping.Table.
2023-01-08 01:22:00.523  INFO 21388 --- [main] .s.d.r.c.RepositoryConfigurationDelegate : Finished Spring Data repository scanning in 54 ms. Found 0 JDBC repository interfaces.
2023-01-08 01:22:00.542  INFO 21388 --- [main] .s.d.r.c.RepositoryConfigurationDelegate : Multiple Spring Data modules found, entering strict repository configuration mode
2023-01-08 01:22:00.545  INFO 21388 --- [main] .s.d.r.c.RepositoryConfigurationDelegate : Bootstrapping Spring Data JPA repositories in DEFAULT mode.
2023-01-08 01:22:00.632  INFO 21388 --- [main] .s.d.r.c.RepositoryConfigurationDelegate : Finished Spring Data repository scanning in 73 ms. Found 1 JPA repository interfaces.
2023-01-08 01:22:02.260  INFO 21388 --- [main] o.s.b.w.embedded.tomcat.TomcatWebServer  : Tomcat initialized with port(s): 8080 (http)
2023-01-08 01:22:02.279  INFO 21388 --- [main] o.apache.catalina.core.StandardService   : Starting service [Tomcat]
2023-01-08 01:22:02.279  INFO 21388 --- [main] org.apache.catalina.core.StandardEngine  : Starting Servlet engine: [Apache Tomcat/9.0.70]
2023-01-08 01:22:02.544  INFO 21388 --- [main] o.a.c.c.C.[Tomcat].[localhost].[/]       : Initializing Spring embedded WebApplicationContext
2023-01-08 01:22:02.544  INFO 21388 --- [main] w.s.c.ServletWebServerApplicationContext : Root WebApplicationContext: initialization completed in 3274 ms
2023-01-08 01:22:02.840  INFO 21388 --- [main] com.zaxxer.hikari.HikariDataSource       : HikariPool-1 - Starting...
2023-01-08 01:22:03.170  INFO 21388 --- [main] com.zaxxer.hikari.HikariDataSource       : HikariPool-1 - Start completed.
2023-01-08 01:22:03.242  INFO 21388 --- [main] o.hibernate.jpa.internal.util.LogHelper  : HHH000204: Processing PersistenceUnitInfo [name: default]
2023-01-08 01:22:03.353  INFO 21388 --- [main] org.hibernate.Version                    : HHH000412: Hibernate ORM core version 5.6.14.Final
2023-01-08 01:22:03.752  INFO 21388 --- [main] o.hibernate.annotations.common.Version   : HCANN000001: Hibernate Commons Annotations {5.1.2.Final}
2023-01-08 01:22:04.004  INFO 21388 --- [main] org.hibernate.dialect.Dialect            : HHH000400: Using dialect: org.hibernate.dialect.PostgreSQL10Dialect
2023-01-08 01:22:04.891  INFO 21388 --- [main] o.h.e.t.j.p.i.JtaPlatformInitiator       : HHH000490: Using JtaPlatform implementation: [org.hibernate.engine.transaction.jta.platform.internal.NoJtaPlatform]
2023-01-08 01:22:04.908  INFO 21388 --- [main] j.LocalContainerEntityManagerFactoryBean : Initialized JPA EntityManagerFactory for persistence unit 'default'
2023-01-08 01:22:05.601  WARN 21388 --- [main] JpaBaseConfiguration$JpaWebConfiguration : spring.jpa.open-in-view is enabled by default. Therefore, database queries may be performed during view rendering. Explicitly configure spring.jpa.open-in-view to disable this warning
2023-01-08 01:22:06.630  INFO 21388 --- [main] o.s.b.w.embedded.tomcat.TomcatWebServer  : Tomcat started on port(s): 8080 (http) with context path ''
2023-01-08 01:22:06.642  INFO 21388 --- [main] com.eatx.miniRest.MiniRestApplication    : Started MiniRestApplication in 8.443 seconds (JVM running for 9.225)
2023-01-08 01:22:13.771  INFO 21388 --- [http-nio-8080-exec-2] o.a.c.c.C.[Tomcat].[localhost].[/]       : Initializing Spring DispatcherServlet 'dispatcherServlet'
2023-01-08 01:22:13.772  INFO 21388 --- [http-nio-8080-exec-2] o.s.web.servlet.DispatcherServlet        : Initializing Servlet 'dispatcherServlet'
2023-01-08 01:22:13.774  INFO 21388 --- [http-nio-8080-exec-2] o.s.web.servlet.DispatcherServlet        : Completed initialization in 2 ms
2023-01-08 01:22:13.975  WARN 21388 --- [http-nio-8080-exec-2] .w.s.m.s.DefaultHandlerExceptionResolver : Resolved [org.springframework.http.converter.HttpMessageNotReadableException: JSON parse error: Unexpected character ('}' (code 125)): was expecting double-quote to start field name; nested exception is com.fasterxml.jackson.core.JsonParseException: Unexpected character ('}' (code 125)): was expecting double-quote to start field name<EOL> at [Source: (org.springframework.util.StreamUtils$NonClosingInputStream); line: 10, column: 2]]
